<?xml version="1.0" encoding="UTF-8"?>
<testsuites name="TS-02_ManajemenDataProyek" time="80.233" tests="3" passed="3" failures="0" errors="0" incompleted="0" skipped="0">
   <testsuite name="TS-02_ManajemenDataProyek" tests="3" passed="3" failures="0" errors="0" incompleted="0" skipped="0" time="80.233" timestamp="2026-06-03T15:05:53.199Z" hostname="Lenovo - LAPTOP-5JN3FB4L" id="Test Suites/TS-02_ManajemenDataProyek" status="PASSED">
      <properties>
         <property name="deviceName" value=""/>
         <property name="devicePlatform"/>
         <property name="logFolder" value="D:\\UNILA\\SKRIPSI\\Pengujian\\Functional Suitability\\Functional-Suitability-GIPM\\Reports\\20260603_220538\\TS-02_ManajemenDataProyek\\20260603_220538"/>
         <property name="logFiles" value="D:\\UNILA\\SKRIPSI\\Pengujian\\Functional Suitability\\Functional-Suitability-GIPM\\Reports\\20260603_220538\\TS-02_ManajemenDataProyek\\20260603_220538\\console0.log, D:\\UNILA\\SKRIPSI\\Pengujian\\Functional Suitability\\Functional-Suitability-GIPM\\Reports\\20260603_220538\\TS-02_ManajemenDataProyek\\20260603_220538\\execution0.log"/>
         <property name="attachments" value=""/>
         <property name="executionBindingVariables" value="[]"/>
         <property name="hostName" value="Lenovo - LAPTOP-5JN3FB4L"/>
         <property name="os" value="Windows 11 64bit"/>
         <property name="katalonVersion" value="11.1.3.0"/>
         <property name="browser" value="Chrome 148.0.7778.217"/>
         <property name="userFullName" value="Arnora Mardiansyah"/>
         <property name="hostAddress" value="192.168.1.1"/>
         <property name="sessionId" value="317695b15515782e42146d0ac7f44fdc"/>
         <property name="projectName" value="Functional-Suitability-GIPM"/>
         <property name="seleniumVersion" value="4.39.0"/>
         <property name="proxyInformation" value="ProxyInformation { proxyOption=NO_PROXY, proxyServerType=HTTP, username=, password=********, proxyServerAddress=, proxyServerPort=0, executionList=&quot;&quot;, isApplyToDesiredCapabilities=true }"/>
         <property name="platform" value="Windows 11"/>
      </properties>
      <testcase name="Test Cases/TS-02_ManajemenDataProyek/TC-02-01_Tambah project baru" time="27.901" classname="Test Cases/TS-02_ManajemenDataProyek/TC-02-01_Tambah project baru" status="PASSED">
         <system-out><![CDATA[03-06-2026T22:05:53 - [TEST_CASE][PASSED] - Test Cases/TS-02_ManajemenDataProyek/TC-02-01_Tambah project baru: Test Cases/TS-02_ManajemenDataProyek/TC-02-01_Tambah project baru

03-06-2026T22:05:53 - [TEST_STEP][PASSED] - openBrowser(""): Browser is opened with url: ''

03-06-2026T22:05:54 - [MESSAGE][INFO] - Starting 'Chrome' driver

03-06-2026T22:05:54 - [MESSAGE][INFO] - Action delay is set to 0 milliseconds

03-06-2026T22:05:56 - [MESSAGE][PASSED] - Browser is opened with url: ''

03-06-2026T22:05:56 - [TEST_STEP][PASSED] - navigateToUrl("https://gipm.destroidmous.my.id/login"): Navigate to 'https://gipm.destroidmous.my.id/login' successfully

03-06-2026T22:05:56 - [MESSAGE][PASSED] - Navigate to 'https://gipm.destroidmous.my.id/login' successfully

03-06-2026T22:05:56 - [TEST_STEP][PASSED] - setText(findTestObject("Page_Log in - GiPM/input_Email"), "Arnor@gmail.com"): Text 'Arnor@gmail.com' is set on object 'Object Repository/Page_Log in - GiPM/input_Email'

03-06-2026T22:05:58 - [MESSAGE][PASSED] - Text 'Arnor@gmail.com' is set on object 'Object Repository/Page_Log in - GiPM/input_Email'

03-06-2026T22:05:58 - [TEST_STEP][PASSED] - setEncryptedText(findTestObject("Page_Log in - GiPM/input_Password"), "yjcyc3Nku24="): Text ****** has been set on object 'Object Repository/Page_Log in - GiPM/input_Password'

03-06-2026T22:05:58 - [MESSAGE][PASSED] - Text ****** has been set on object 'Object Repository/Page_Log in - GiPM/input_Password'

03-06-2026T22:05:58 - [TEST_STEP][PASSED] - click(findTestObject("Page_Log in - GiPM/button_Log in")): Object: 'Object Repository/Page_Log in - GiPM/button_Log in' is clicked on

03-06-2026T22:05:59 - [MESSAGE][PASSED] - Object: 'Object Repository/Page_Log in - GiPM/button_Log in' is clicked on

03-06-2026T22:05:59 - [TEST_STEP][PASSED] - click(findTestObject("Page_Dashboard - GiPM/a_Projects")): Object: 'Object Repository/Page_Dashboard - GiPM/a_Projects' is clicked on

03-06-2026T22:06:00 - [MESSAGE][PASSED] - Object: 'Object Repository/Page_Dashboard - GiPM/a_Projects' is clicked on

03-06-2026T22:06:00 - [TEST_STEP][PASSED] - click(findTestObject("Page_- GiPM/label_Arnora")): Object: 'Object Repository/Page_- GiPM/label_Arnora' is clicked on

03-06-2026T22:06:00 - [MESSAGE][PASSED] - Object: 'Object Repository/Page_- GiPM/label_Arnora' is clicked on

03-06-2026T22:06:00 - [TEST_STEP][PASSED] - click(findTestObject("Page_- GiPM/label_ArnorDev")): Object: 'Object Repository/Page_- GiPM/label_ArnorDev' is clicked on

03-06-2026T22:06:01 - [MESSAGE][PASSED] - Object: 'Object Repository/Page_- GiPM/label_ArnorDev' is clicked on

03-06-2026T22:06:01 - [TEST_STEP][PASSED] - click(findTestObject("Page_- GiPM/label_ArnoraUser")): Object: 'Object Repository/Page_- GiPM/label_ArnoraUser' is clicked on

03-06-2026T22:06:01 - [MESSAGE][PASSED] - Object: 'Object Repository/Page_- GiPM/label_ArnoraUser' is clicked on

03-06-2026T22:06:01 - [TEST_STEP][PASSED] - setText(findTestObject("Page_- GiPM/input_w-full border rounded px-3 py-2"), "Sistem Manajemen Proyek Test Berbasis Web"): Text 'Sistem Manajemen Proyek Test Berbasis Web' is set on object 'Object Repository/Page_- GiPM/input_w-full border rounded px-3 py-2'

03-06-2026T22:06:03 - [MESSAGE][PASSED] - Text 'Sistem Manajemen Proyek Test Berbasis Web' is set on object 'Object Repository/Page_- GiPM/input_w-full border rounded px-3 py-2'

03-06-2026T22:06:03 - [TEST_STEP][PASSED] - click(findTestObject("Page_- GiPM/input_Login - 21")): Object: 'Object Repository/Page_- GiPM/input_Login - 21' is clicked on

03-06-2026T22:06:03 - [MESSAGE][PASSED] - Object: 'Object Repository/Page_- GiPM/input_Login - 21' is clicked on

03-06-2026T22:06:03 - [TEST_STEP][PASSED] - click(findTestObject("Page_- GiPM/input_Logout - 3")): Object: 'Object Repository/Page_- GiPM/input_Logout - 3' is clicked on

03-06-2026T22:06:04 - [MESSAGE][PASSED] - Object: 'Object Repository/Page_- GiPM/input_Logout - 3' is clicked on

03-06-2026T22:06:04 - [TEST_STEP][PASSED] - click(findTestObject("Page_- GiPM/input_Edit profil - 6")): Object: 'Object Repository/Page_- GiPM/input_Edit profil - 6' is clicked on

03-06-2026T22:06:04 - [MESSAGE][PASSED] - Object: 'Object Repository/Page_- GiPM/input_Edit profil - 6' is clicked on

03-06-2026T22:06:04 - [TEST_STEP][PASSED] - click(findTestObject("Page_- GiPM/span_ganti password - 7")): Object: 'Object Repository/Page_- GiPM/span_ganti password - 7' is clicked on

03-06-2026T22:06:05 - [MESSAGE][PASSED] - Object: 'Object Repository/Page_- GiPM/span_ganti password - 7' is clicked on

03-06-2026T22:06:05 - [TEST_STEP][PASSED] - click(findTestObject("Page_- GiPM/span_CRUD manajemen user  role - 30")): Object: 'Object Repository/Page_- GiPM/span_CRUD manajemen user  role - 30' is clicked on

03-06-2026T22:06:06 - [MESSAGE][PASSED] - Object: 'Object Repository/Page_- GiPM/span_CRUD manajemen user  role - 30' is clicked on

03-06-2026T22:06:06 - [TEST_STEP][PASSED] - click(findTestObject("Page_- GiPM/span_CRUD Profil dan Identitas Desa - 13")): Object: 'Object Repository/Page_- GiPM/span_CRUD Profil dan Identitas Desa - 13' is clicked on

03-06-2026T22:06:06 - [MESSAGE][PASSED] - Object: 'Object Repository/Page_- GiPM/span_CRUD Profil dan Identitas Desa - 13' is clicked on

03-06-2026T22:06:06 - [TEST_STEP][PASSED] - setText(findTestObject("Page_- GiPM/input_w-full border rounded px-3 py-2_1"), "5"): Text '5' is set on object 'Object Repository/Page_- GiPM/input_w-full border rounded px-3 py-2_1'

03-06-2026T22:06:07 - [MESSAGE][PASSED] - Text '5' is set on object 'Object Repository/Page_- GiPM/input_w-full border rounded px-3 py-2_1'

03-06-2026T22:06:07 - [TEST_STEP][PASSED] - setText(findTestObject("Page_- GiPM/input_w-full border rounded px-3 py-2_2"), "Pengembangan sistem manajemen proyek berbasis web untuk monitoring"): Text 'Pengembangan sistem manajemen proyek berbasis web untuk monitoring' is set on object 'Object Repository/Page_- GiPM/input_w-full border rounded px-3 py-2_2'

03-06-2026T22:06:08 - [MESSAGE][PASSED] - Text 'Pengembangan sistem manajemen proyek berbasis web untuk monitoring' is set on object 'Object Repository/Page_- GiPM/input_w-full border rounded px-3 py-2_2'

03-06-2026T22:06:08 - [TEST_STEP][PASSED] - setText(findTestObject("Page_- GiPM/input_w-full border rounded px-3 py-2_3"), "120"): Text '120' is set on object 'Object Repository/Page_- GiPM/input_w-full border rounded px-3 py-2_3'

03-06-2026T22:06:09 - [MESSAGE][PASSED] - Text '120' is set on object 'Object Repository/Page_- GiPM/input_w-full border rounded px-3 py-2_3'

03-06-2026T22:06:09 - [TEST_STEP][PASSED] - click(findTestObject("Page_- GiPM/input_w-full border rounded px-3 py-2_4")): Object: 'Object Repository/Page_- GiPM/input_w-full border rounded px-3 py-2_4' is clicked on

03-06-2026T22:06:10 - [MESSAGE][PASSED] - Object: 'Object Repository/Page_- GiPM/input_w-full border rounded px-3 py-2_4' is clicked on

03-06-2026T22:06:10 - [TEST_STEP][PASSED] - setText(findTestObject("Page_- GiPM/input_w-full border rounded px-3 py-2_5"), "8"): Text '8' is set on object 'Object Repository/Page_- GiPM/input_w-full border rounded px-3 py-2_5'

03-06-2026T22:06:11 - [MESSAGE][PASSED] - Text '8' is set on object 'Object Repository/Page_- GiPM/input_w-full border rounded px-3 py-2_5'

03-06-2026T22:06:11 - [TEST_STEP][PASSED] - setText(findTestObject("Page_- GiPM/input_w-full border rounded px-3 py-2_6"), "50000"): Text '50000' is set on object 'Object Repository/Page_- GiPM/input_w-full border rounded px-3 py-2_6'

03-06-2026T22:06:12 - [MESSAGE][PASSED] - Text '50000' is set on object 'Object Repository/Page_- GiPM/input_w-full border rounded px-3 py-2_6'

03-06-2026T22:06:12 - [TEST_STEP][PASSED] - setText(findTestObject("Page_- GiPM/input_w-full border rounded px-3 py-2_7"), "500"): Text '500' is set on object 'Object Repository/Page_- GiPM/input_w-full border rounded px-3 py-2_7'

03-06-2026T22:06:13 - [MESSAGE][PASSED] - Text '500' is set on object 'Object Repository/Page_- GiPM/input_w-full border rounded px-3 py-2_7'

03-06-2026T22:06:13 - [TEST_STEP][PASSED] - click(findTestObject("Page_- GiPM/input_w-full border rounded px-3 py-2_8")): Object: 'Object Repository/Page_- GiPM/input_w-full border rounded px-3 py-2_8' is clicked on

03-06-2026T22:06:13 - [MESSAGE][PASSED] - Object: 'Object Repository/Page_- GiPM/input_w-full border rounded px-3 py-2_8' is clicked on

03-06-2026T22:06:13 - [TEST_STEP][PASSED] - click(findTestObject("Page_- GiPM/input_w-full border rounded px-3 py-2_9")): Object: 'Object Repository/Page_- GiPM/input_w-full border rounded px-3 py-2_9' is clicked on

03-06-2026T22:06:14 - [MESSAGE][PASSED] - Object: 'Object Repository/Page_- GiPM/input_w-full border rounded px-3 py-2_9' is clicked on

03-06-2026T22:06:14 - [TEST_STEP][PASSED] - click(findTestObject("Page_- GiPM/div_Biaya Awal Proyek")): Object: 'Object Repository/Page_- GiPM/div_Biaya Awal Proyek' is clicked on

03-06-2026T22:06:14 - [MESSAGE][PASSED] - Object: 'Object Repository/Page_- GiPM/div_Biaya Awal Proyek' is clicked on

03-06-2026T22:06:14 - [TEST_STEP][PASSED] - click(findTestObject("Page_- GiPM/input_w-full border rounded px-3 py-2_8")): Object: 'Object Repository/Page_- GiPM/input_w-full border rounded px-3 py-2_8' is clicked on

03-06-2026T22:06:14 - [MESSAGE][PASSED] - Object: 'Object Repository/Page_- GiPM/input_w-full border rounded px-3 py-2_8' is clicked on

03-06-2026T22:06:14 - [TEST_STEP][PASSED] - doubleClick(findTestObject("Page_- GiPM/input_w-full border rounded px-3 py-2_8")): Object: 'Object Repository/Page_- GiPM/input_w-full border rounded px-3 py-2_8' is double clicked on

03-06-2026T22:06:15 - [MESSAGE][PASSED] - Object: 'Object Repository/Page_- GiPM/input_w-full border rounded px-3 py-2_8' is double clicked on

03-06-2026T22:06:15 - [TEST_STEP][PASSED] - click(findTestObject("Page_- GiPM/input_w-full border rounded px-3 py-2_8")): Object: 'Object Repository/Page_- GiPM/input_w-full border rounded px-3 py-2_8' is clicked on

03-06-2026T22:06:15 - [MESSAGE][PASSED] - Object: 'Object Repository/Page_- GiPM/input_w-full border rounded px-3 py-2_8' is clicked on

03-06-2026T22:06:15 - [TEST_STEP][PASSED] - setText(findTestObject("Page_- GiPM/input_w-full border rounded px-3 py-2_9"), "15000000"): Text '15000000' is set on object 'Object Repository/Page_- GiPM/input_w-full border rounded px-3 py-2_9'

03-06-2026T22:06:16 - [MESSAGE][PASSED] - Text '15000000' is set on object 'Object Repository/Page_- GiPM/input_w-full border rounded px-3 py-2_9'

03-06-2026T22:06:16 - [TEST_STEP][PASSED] - click(findTestObject("Page_- GiPM/input_w-full border rounded px-3 py-2_10")): Object: 'Object Repository/Page_- GiPM/input_w-full border rounded px-3 py-2_10' is clicked on

03-06-2026T22:06:17 - [MESSAGE][PASSED] - Object: 'Object Repository/Page_- GiPM/input_w-full border rounded px-3 py-2_10' is clicked on

03-06-2026T22:06:17 - [TEST_STEP][PASSED] - click(findTestObject("Page_- GiPM/input_w-full border rounded px-3 py-2_11")): Object: 'Object Repository/Page_- GiPM/input_w-full border rounded px-3 py-2_11' is clicked on

03-06-2026T22:06:17 - [MESSAGE][PASSED] - Object: 'Object Repository/Page_- GiPM/input_w-full border rounded px-3 py-2_11' is clicked on

03-06-2026T22:06:17 - [TEST_STEP][PASSED] - setText(findTestObject("Page_- GiPM/input_w-full border rounded px-3 py-2_10"), "300"): Text '300' is set on object 'Object Repository/Page_- GiPM/input_w-full border rounded px-3 py-2_10'

03-06-2026T22:06:18 - [MESSAGE][PASSED] - Text '300' is set on object 'Object Repository/Page_- GiPM/input_w-full border rounded px-3 py-2_10'

03-06-2026T22:06:18 - [TEST_STEP][PASSED] - setText(findTestObject("Page_- GiPM/input_w-full border rounded px-3 py-2_12"), "5000000"): Text '5000000' is set on object 'Object Repository/Page_- GiPM/input_w-full border rounded px-3 py-2_12'

03-06-2026T22:06:19 - [MESSAGE][PASSED] - Text '5000000' is set on object 'Object Repository/Page_- GiPM/input_w-full border rounded px-3 py-2_12'

03-06-2026T22:06:19 - [TEST_STEP][PASSED] - setText(findTestObject("Page_- GiPM/input_w-full border rounded px-3 py-2_13"), "120"): Text '120' is set on object 'Object Repository/Page_- GiPM/input_w-full border rounded px-3 py-2_13'

03-06-2026T22:06:20 - [MESSAGE][PASSED] - Text '120' is set on object 'Object Repository/Page_- GiPM/input_w-full border rounded px-3 py-2_13'

03-06-2026T22:06:20 - [TEST_STEP][PASSED] - click(findTestObject("Page_- GiPM/button_Simpan Project")): Object: 'Object Repository/Page_- GiPM/button_Simpan Project' is clicked on

03-06-2026T22:06:21 - [MESSAGE][PASSED] - Object: 'Object Repository/Page_- GiPM/button_Simpan Project' is clicked on]]></system-out>
         <system-err><![CDATA[]]></system-err>
      </testcase>
      <testcase name="Test Cases/TS-02_ManajemenDataProyek/TC-02-02_Nama project kosong" time="25.894" classname="Test Cases/TS-02_ManajemenDataProyek/TC-02-02_Nama project kosong" status="PASSED">
         <system-out><![CDATA[03-06-2026T22:06:21 - [TEST_CASE][PASSED] - Test Cases/TS-02_ManajemenDataProyek/TC-02-02_Nama project kosong: Test Cases/TS-02_ManajemenDataProyek/TC-02-02_Nama project kosong

03-06-2026T22:06:21 - [TEST_STEP][PASSED] - openBrowser(""): Browser is opened with url: ''

03-06-2026T22:06:21 - [MESSAGE][WARNING] - A browser is already opened. Closing browser and opening a new one

03-06-2026T22:06:21 - [MESSAGE][INFO] - Starting 'Chrome' driver

03-06-2026T22:06:21 - [MESSAGE][INFO] - Action delay is set to 0 milliseconds

03-06-2026T22:06:22 - [MESSAGE][PASSED] - Browser is opened with url: ''

03-06-2026T22:06:22 - [TEST_STEP][PASSED] - navigateToUrl("https://gipm.destroidmous.my.id/login"): Navigate to 'https://gipm.destroidmous.my.id/login' successfully

03-06-2026T22:06:23 - [MESSAGE][PASSED] - Navigate to 'https://gipm.destroidmous.my.id/login' successfully

03-06-2026T22:06:23 - [TEST_STEP][PASSED] - setText(findTestObject("Page_Log in - GiPM/input_Email"), "Arnor@gmail.com"): Text 'Arnor@gmail.com' is set on object 'Object Repository/Page_Log in - GiPM/input_Email'

03-06-2026T22:06:24 - [MESSAGE][PASSED] - Text 'Arnor@gmail.com' is set on object 'Object Repository/Page_Log in - GiPM/input_Email'

03-06-2026T22:06:24 - [TEST_STEP][PASSED] - setEncryptedText(findTestObject("Page_Log in - GiPM/input_Password"), "yjcyc3Nku24="): Text ****** has been set on object 'Object Repository/Page_Log in - GiPM/input_Password'

03-06-2026T22:06:24 - [MESSAGE][PASSED] - Text ****** has been set on object 'Object Repository/Page_Log in - GiPM/input_Password'

03-06-2026T22:06:24 - [TEST_STEP][PASSED] - click(findTestObject("Page_Log in - GiPM/button_Log in")): Object: 'Object Repository/Page_Log in - GiPM/button_Log in' is clicked on

03-06-2026T22:06:25 - [MESSAGE][PASSED] - Object: 'Object Repository/Page_Log in - GiPM/button_Log in' is clicked on

03-06-2026T22:06:25 - [TEST_STEP][PASSED] - click(findTestObject("Page_Dashboard - GiPM/a_Projects")): Object: 'Object Repository/Page_Dashboard - GiPM/a_Projects' is clicked on

03-06-2026T22:06:26 - [MESSAGE][PASSED] - Object: 'Object Repository/Page_Dashboard - GiPM/a_Projects' is clicked on

03-06-2026T22:06:26 - [TEST_STEP][PASSED] - click(findTestObject("Page_- GiPM/label_Arnora")): Object: 'Object Repository/Page_- GiPM/label_Arnora' is clicked on

03-06-2026T22:06:26 - [MESSAGE][PASSED] - Object: 'Object Repository/Page_- GiPM/label_Arnora' is clicked on

03-06-2026T22:06:26 - [TEST_STEP][PASSED] - click(findTestObject("Page_- GiPM/label_ArnorDev")): Object: 'Object Repository/Page_- GiPM/label_ArnorDev' is clicked on

03-06-2026T22:06:27 - [MESSAGE][PASSED] - Object: 'Object Repository/Page_- GiPM/label_ArnorDev' is clicked on

03-06-2026T22:06:27 - [TEST_STEP][PASSED] - click(findTestObject("Page_- GiPM/label_ArnoraUser")): Object: 'Object Repository/Page_- GiPM/label_ArnoraUser' is clicked on

03-06-2026T22:06:28 - [MESSAGE][PASSED] - Object: 'Object Repository/Page_- GiPM/label_ArnoraUser' is clicked on

03-06-2026T22:06:28 - [TEST_STEP][PASSED] - setText(findTestObject("Page_- GiPM/input_w-full border rounded px-3 py-2"), ""): Text '' is set on object 'Object Repository/Page_- GiPM/input_w-full border rounded px-3 py-2'

03-06-2026T22:06:28 - [MESSAGE][PASSED] - Text '' is set on object 'Object Repository/Page_- GiPM/input_w-full border rounded px-3 py-2'

03-06-2026T22:06:28 - [TEST_STEP][PASSED] - click(findTestObject("Page_- GiPM/input_Login - 21")): Object: 'Object Repository/Page_- GiPM/input_Login - 21' is clicked on

03-06-2026T22:06:29 - [MESSAGE][PASSED] - Object: 'Object Repository/Page_- GiPM/input_Login - 21' is clicked on

03-06-2026T22:06:29 - [TEST_STEP][PASSED] - click(findTestObject("Page_- GiPM/input_Logout - 3")): Object: 'Object Repository/Page_- GiPM/input_Logout - 3' is clicked on

03-06-2026T22:06:29 - [MESSAGE][PASSED] - Object: 'Object Repository/Page_- GiPM/input_Logout - 3' is clicked on

03-06-2026T22:06:29 - [TEST_STEP][PASSED] - click(findTestObject("Page_- GiPM/input_Edit profil - 6")): Object: 'Object Repository/Page_- GiPM/input_Edit profil - 6' is clicked on

03-06-2026T22:06:30 - [MESSAGE][PASSED] - Object: 'Object Repository/Page_- GiPM/input_Edit profil - 6' is clicked on

03-06-2026T22:06:30 - [TEST_STEP][PASSED] - click(findTestObject("Page_- GiPM/span_ganti password - 7")): Object: 'Object Repository/Page_- GiPM/span_ganti password - 7' is clicked on

03-06-2026T22:06:31 - [MESSAGE][PASSED] - Object: 'Object Repository/Page_- GiPM/span_ganti password - 7' is clicked on

03-06-2026T22:06:31 - [TEST_STEP][PASSED] - click(findTestObject("Page_- GiPM/span_CRUD manajemen user  role - 30")): Object: 'Object Repository/Page_- GiPM/span_CRUD manajemen user  role - 30' is clicked on

03-06-2026T22:06:31 - [MESSAGE][PASSED] - Object: 'Object Repository/Page_- GiPM/span_CRUD manajemen user  role - 30' is clicked on

03-06-2026T22:06:31 - [TEST_STEP][PASSED] - click(findTestObject("Page_- GiPM/span_CRUD Profil dan Identitas Desa - 13")): Object: 'Object Repository/Page_- GiPM/span_CRUD Profil dan Identitas Desa - 13' is clicked on

03-06-2026T22:06:32 - [MESSAGE][PASSED] - Object: 'Object Repository/Page_- GiPM/span_CRUD Profil dan Identitas Desa - 13' is clicked on

03-06-2026T22:06:32 - [TEST_STEP][PASSED] - setText(findTestObject("Page_- GiPM/input_w-full border rounded px-3 py-2_1"), "5"): Text '5' is set on object 'Object Repository/Page_- GiPM/input_w-full border rounded px-3 py-2_1'

03-06-2026T22:06:33 - [MESSAGE][PASSED] - Text '5' is set on object 'Object Repository/Page_- GiPM/input_w-full border rounded px-3 py-2_1'

03-06-2026T22:06:33 - [TEST_STEP][PASSED] - setText(findTestObject("Page_- GiPM/input_w-full border rounded px-3 py-2_2"), "Pengembangan sistem manajemen proyek berbasis App"): Text 'Pengembangan sistem manajemen proyek berbasis App' is set on object 'Object Repository/Page_- GiPM/input_w-full border rounded px-3 py-2_2'

03-06-2026T22:06:34 - [MESSAGE][PASSED] - Text 'Pengembangan sistem manajemen proyek berbasis App' is set on object 'Object Repository/Page_- GiPM/input_w-full border rounded px-3 py-2_2'

03-06-2026T22:06:34 - [TEST_STEP][PASSED] - setText(findTestObject("Page_- GiPM/input_w-full border rounded px-3 py-2_3"), "120"): Text '120' is set on object 'Object Repository/Page_- GiPM/input_w-full border rounded px-3 py-2_3'

03-06-2026T22:06:35 - [MESSAGE][PASSED] - Text '120' is set on object 'Object Repository/Page_- GiPM/input_w-full border rounded px-3 py-2_3'

03-06-2026T22:06:35 - [TEST_STEP][PASSED] - click(findTestObject("Page_- GiPM/input_w-full border rounded px-3 py-2_4")): Object: 'Object Repository/Page_- GiPM/input_w-full border rounded px-3 py-2_4' is clicked on

03-06-2026T22:06:36 - [MESSAGE][PASSED] - Object: 'Object Repository/Page_- GiPM/input_w-full border rounded px-3 py-2_4' is clicked on

03-06-2026T22:06:36 - [TEST_STEP][PASSED] - setText(findTestObject("Page_- GiPM/input_w-full border rounded px-3 py-2_5"), "8"): Text '8' is set on object 'Object Repository/Page_- GiPM/input_w-full border rounded px-3 py-2_5'

03-06-2026T22:06:36 - [MESSAGE][PASSED] - Text '8' is set on object 'Object Repository/Page_- GiPM/input_w-full border rounded px-3 py-2_5'

03-06-2026T22:06:36 - [TEST_STEP][PASSED] - setText(findTestObject("Page_- GiPM/input_w-full border rounded px-3 py-2_6"), "50000"): Text '50000' is set on object 'Object Repository/Page_- GiPM/input_w-full border rounded px-3 py-2_6'

03-06-2026T22:06:37 - [MESSAGE][PASSED] - Text '50000' is set on object 'Object Repository/Page_- GiPM/input_w-full border rounded px-3 py-2_6'

03-06-2026T22:06:37 - [TEST_STEP][PASSED] - setText(findTestObject("Page_- GiPM/input_w-full border rounded px-3 py-2_7"), "500"): Text '500' is set on object 'Object Repository/Page_- GiPM/input_w-full border rounded px-3 py-2_7'

03-06-2026T22:06:38 - [MESSAGE][PASSED] - Text '500' is set on object 'Object Repository/Page_- GiPM/input_w-full border rounded px-3 py-2_7'

03-06-2026T22:06:38 - [TEST_STEP][PASSED] - click(findTestObject("Page_- GiPM/input_w-full border rounded px-3 py-2_8")): Object: 'Object Repository/Page_- GiPM/input_w-full border rounded px-3 py-2_8' is clicked on

03-06-2026T22:06:39 - [MESSAGE][PASSED] - Object: 'Object Repository/Page_- GiPM/input_w-full border rounded px-3 py-2_8' is clicked on

03-06-2026T22:06:39 - [TEST_STEP][PASSED] - click(findTestObject("Page_- GiPM/input_w-full border rounded px-3 py-2_9")): Object: 'Object Repository/Page_- GiPM/input_w-full border rounded px-3 py-2_9' is clicked on

03-06-2026T22:06:39 - [MESSAGE][PASSED] - Object: 'Object Repository/Page_- GiPM/input_w-full border rounded px-3 py-2_9' is clicked on

03-06-2026T22:06:39 - [TEST_STEP][PASSED] - click(findTestObject("Page_- GiPM/div_Biaya Awal Proyek")): Object: 'Object Repository/Page_- GiPM/div_Biaya Awal Proyek' is clicked on

03-06-2026T22:06:40 - [MESSAGE][PASSED] - Object: 'Object Repository/Page_- GiPM/div_Biaya Awal Proyek' is clicked on

03-06-2026T22:06:40 - [TEST_STEP][PASSED] - click(findTestObject("Page_- GiPM/input_w-full border rounded px-3 py-2_8")): Object: 'Object Repository/Page_- GiPM/input_w-full border rounded px-3 py-2_8' is clicked on

03-06-2026T22:06:40 - [MESSAGE][PASSED] - Object: 'Object Repository/Page_- GiPM/input_w-full border rounded px-3 py-2_8' is clicked on

03-06-2026T22:06:40 - [TEST_STEP][PASSED] - doubleClick(findTestObject("Page_- GiPM/input_w-full border rounded px-3 py-2_8")): Object: 'Object Repository/Page_- GiPM/input_w-full border rounded px-3 py-2_8' is double clicked on

03-06-2026T22:06:41 - [MESSAGE][PASSED] - Object: 'Object Repository/Page_- GiPM/input_w-full border rounded px-3 py-2_8' is double clicked on

03-06-2026T22:06:41 - [TEST_STEP][PASSED] - click(findTestObject("Page_- GiPM/input_w-full border rounded px-3 py-2_8")): Object: 'Object Repository/Page_- GiPM/input_w-full border rounded px-3 py-2_8' is clicked on

03-06-2026T22:06:41 - [MESSAGE][PASSED] - Object: 'Object Repository/Page_- GiPM/input_w-full border rounded px-3 py-2_8' is clicked on

03-06-2026T22:06:41 - [TEST_STEP][PASSED] - setText(findTestObject("Page_- GiPM/input_w-full border rounded px-3 py-2_9"), "15000000"): Text '15000000' is set on object 'Object Repository/Page_- GiPM/input_w-full border rounded px-3 py-2_9'

03-06-2026T22:06:42 - [MESSAGE][PASSED] - Text '15000000' is set on object 'Object Repository/Page_- GiPM/input_w-full border rounded px-3 py-2_9'

03-06-2026T22:06:42 - [TEST_STEP][PASSED] - click(findTestObject("Page_- GiPM/input_w-full border rounded px-3 py-2_10")): Object: 'Object Repository/Page_- GiPM/input_w-full border rounded px-3 py-2_10' is clicked on

03-06-2026T22:06:42 - [MESSAGE][PASSED] - Object: 'Object Repository/Page_- GiPM/input_w-full border rounded px-3 py-2_10' is clicked on

03-06-2026T22:06:42 - [TEST_STEP][PASSED] - click(findTestObject("Page_- GiPM/input_w-full border rounded px-3 py-2_11")): Object: 'Object Repository/Page_- GiPM/input_w-full border rounded px-3 py-2_11' is clicked on

03-06-2026T22:06:43 - [MESSAGE][PASSED] - Object: 'Object Repository/Page_- GiPM/input_w-full border rounded px-3 py-2_11' is clicked on

03-06-2026T22:06:43 - [TEST_STEP][PASSED] - setText(findTestObject("Page_- GiPM/input_w-full border rounded px-3 py-2_10"), "300"): Text '300' is set on object 'Object Repository/Page_- GiPM/input_w-full border rounded px-3 py-2_10'

03-06-2026T22:06:43 - [MESSAGE][PASSED] - Text '300' is set on object 'Object Repository/Page_- GiPM/input_w-full border rounded px-3 py-2_10'

03-06-2026T22:06:43 - [TEST_STEP][PASSED] - setText(findTestObject("Page_- GiPM/input_w-full border rounded px-3 py-2_12"), "5000000"): Text '5000000' is set on object 'Object Repository/Page_- GiPM/input_w-full border rounded px-3 py-2_12'

03-06-2026T22:06:44 - [MESSAGE][PASSED] - Text '5000000' is set on object 'Object Repository/Page_- GiPM/input_w-full border rounded px-3 py-2_12'

03-06-2026T22:06:44 - [TEST_STEP][PASSED] - setText(findTestObject("Page_- GiPM/input_w-full border rounded px-3 py-2_13"), "120"): Text '120' is set on object 'Object Repository/Page_- GiPM/input_w-full border rounded px-3 py-2_13'

03-06-2026T22:06:45 - [MESSAGE][PASSED] - Text '120' is set on object 'Object Repository/Page_- GiPM/input_w-full border rounded px-3 py-2_13'

03-06-2026T22:06:45 - [TEST_STEP][PASSED] - click(findTestObject("Page_- GiPM/button_Simpan Project")): Object: 'Object Repository/Page_- GiPM/button_Simpan Project' is clicked on

03-06-2026T22:06:46 - [MESSAGE][PASSED] - Object: 'Object Repository/Page_- GiPM/button_Simpan Project' is clicked on

03-06-2026T22:06:46 - [TEST_STEP][PASSED] - verifyTextNotPresent("Pengembangan sistem manajemen proyek berbasis App", false): Text 'Pengembangan sistem manajemen proyek berbasis App' is not present on page

03-06-2026T22:06:47 - [MESSAGE][PASSED] - Text 'Pengembangan sistem manajemen proyek berbasis App' is not present on page]]></system-out>
         <system-err><![CDATA[]]></system-err>
      </testcase>
      <testcase name="Test Cases/TS-02_ManajemenDataProyek/TC-02-03_User Kosong" time="26.274" classname="Test Cases/TS-02_ManajemenDataProyek/TC-02-03_User Kosong" status="PASSED">
         <system-out><![CDATA[03-06-2026T22:06:47 - [TEST_CASE][PASSED] - Test Cases/TS-02_ManajemenDataProyek/TC-02-03_User Kosong: Test Cases/TS-02_ManajemenDataProyek/TC-02-03_User Kosong

03-06-2026T22:06:47 - [TEST_STEP][PASSED] - openBrowser(""): Browser is opened with url: ''

03-06-2026T22:06:47 - [MESSAGE][WARNING] - A browser is already opened. Closing browser and opening a new one

03-06-2026T22:06:47 - [MESSAGE][INFO] - Starting 'Chrome' driver

03-06-2026T22:06:47 - [MESSAGE][INFO] - Action delay is set to 0 milliseconds

03-06-2026T22:06:48 - [MESSAGE][PASSED] - Browser is opened with url: ''

03-06-2026T22:06:48 - [TEST_STEP][PASSED] - navigateToUrl("https://gipm.destroidmous.my.id/login"): Navigate to 'https://gipm.destroidmous.my.id/login' successfully

03-06-2026T22:06:49 - [MESSAGE][PASSED] - Navigate to 'https://gipm.destroidmous.my.id/login' successfully

03-06-2026T22:06:49 - [TEST_STEP][PASSED] - setText(findTestObject("Page_Log in - GiPM/input_Email"), "Arnor@gmail.com"): Text 'Arnor@gmail.com' is set on object 'Object Repository/Page_Log in - GiPM/input_Email'

03-06-2026T22:06:50 - [MESSAGE][PASSED] - Text 'Arnor@gmail.com' is set on object 'Object Repository/Page_Log in - GiPM/input_Email'

03-06-2026T22:06:50 - [TEST_STEP][PASSED] - setEncryptedText(findTestObject("Page_Log in - GiPM/input_Password"), "yjcyc3Nku24="): Text ****** has been set on object 'Object Repository/Page_Log in - GiPM/input_Password'

03-06-2026T22:06:50 - [MESSAGE][PASSED] - Text ****** has been set on object 'Object Repository/Page_Log in - GiPM/input_Password'

03-06-2026T22:06:50 - [TEST_STEP][PASSED] - click(findTestObject("Page_Log in - GiPM/button_Log in")): Object: 'Object Repository/Page_Log in - GiPM/button_Log in' is clicked on

03-06-2026T22:06:51 - [MESSAGE][PASSED] - Object: 'Object Repository/Page_Log in - GiPM/button_Log in' is clicked on

03-06-2026T22:06:51 - [TEST_STEP][PASSED] - click(findTestObject("Page_Dashboard - GiPM/a_Projects")): Object: 'Object Repository/Page_Dashboard - GiPM/a_Projects' is clicked on

03-06-2026T22:06:52 - [MESSAGE][PASSED] - Object: 'Object Repository/Page_Dashboard - GiPM/a_Projects' is clicked on

03-06-2026T22:06:52 - [TEST_STEP][PASSED] - setText(findTestObject("Page_- GiPM/input_w-full border rounded px-3 py-2"), "Sistem Manajemen Proyek Test Berbasis Web"): Text 'Sistem Manajemen Proyek Test Berbasis Web' is set on object 'Object Repository/Page_- GiPM/input_w-full border rounded px-3 py-2'

03-06-2026T22:06:53 - [MESSAGE][PASSED] - Text 'Sistem Manajemen Proyek Test Berbasis Web' is set on object 'Object Repository/Page_- GiPM/input_w-full border rounded px-3 py-2'

03-06-2026T22:06:53 - [TEST_STEP][PASSED] - click(findTestObject("Page_- GiPM/input_Login - 21")): Object: 'Object Repository/Page_- GiPM/input_Login - 21' is clicked on

03-06-2026T22:06:53 - [MESSAGE][PASSED] - Object: 'Object Repository/Page_- GiPM/input_Login - 21' is clicked on

03-06-2026T22:06:53 - [TEST_STEP][PASSED] - click(findTestObject("Page_- GiPM/input_Logout - 3")): Object: 'Object Repository/Page_- GiPM/input_Logout - 3' is clicked on

03-06-2026T22:06:54 - [MESSAGE][PASSED] - Object: 'Object Repository/Page_- GiPM/input_Logout - 3' is clicked on

03-06-2026T22:06:54 - [TEST_STEP][PASSED] - click(findTestObject("Page_- GiPM/input_Edit profil - 6")): Object: 'Object Repository/Page_- GiPM/input_Edit profil - 6' is clicked on

03-06-2026T22:06:55 - [MESSAGE][PASSED] - Object: 'Object Repository/Page_- GiPM/input_Edit profil - 6' is clicked on

03-06-2026T22:06:55 - [TEST_STEP][PASSED] - click(findTestObject("Page_- GiPM/span_ganti password - 7")): Object: 'Object Repository/Page_- GiPM/span_ganti password - 7' is clicked on

03-06-2026T22:06:55 - [MESSAGE][PASSED] - Object: 'Object Repository/Page_- GiPM/span_ganti password - 7' is clicked on

03-06-2026T22:06:55 - [TEST_STEP][PASSED] - click(findTestObject("Page_- GiPM/span_CRUD manajemen user  role - 30")): Object: 'Object Repository/Page_- GiPM/span_CRUD manajemen user  role - 30' is clicked on

03-06-2026T22:06:56 - [MESSAGE][PASSED] - Object: 'Object Repository/Page_- GiPM/span_CRUD manajemen user  role - 30' is clicked on

03-06-2026T22:06:56 - [TEST_STEP][PASSED] - click(findTestObject("Page_- GiPM/span_CRUD Profil dan Identitas Desa - 13")): Object: 'Object Repository/Page_- GiPM/span_CRUD Profil dan Identitas Desa - 13' is clicked on

03-06-2026T22:06:57 - [MESSAGE][PASSED] - Object: 'Object Repository/Page_- GiPM/span_CRUD Profil dan Identitas Desa - 13' is clicked on

03-06-2026T22:06:57 - [TEST_STEP][PASSED] - setText(findTestObject("Page_- GiPM/input_w-full border rounded px-3 py-2_1"), "5"): Text '5' is set on object 'Object Repository/Page_- GiPM/input_w-full border rounded px-3 py-2_1'

03-06-2026T22:06:58 - [MESSAGE][PASSED] - Text '5' is set on object 'Object Repository/Page_- GiPM/input_w-full border rounded px-3 py-2_1'

03-06-2026T22:06:58 - [TEST_STEP][PASSED] - setText(findTestObject("Page_- GiPM/input_w-full border rounded px-3 py-2_2"), "Pengembangan sistem manajemen proyek berbasis App"): Text 'Pengembangan sistem manajemen proyek berbasis App' is set on object 'Object Repository/Page_- GiPM/input_w-full border rounded px-3 py-2_2'

03-06-2026T22:06:59 - [MESSAGE][PASSED] - Text 'Pengembangan sistem manajemen proyek berbasis App' is set on object 'Object Repository/Page_- GiPM/input_w-full border rounded px-3 py-2_2'

03-06-2026T22:06:59 - [TEST_STEP][PASSED] - setText(findTestObject("Page_- GiPM/input_w-full border rounded px-3 py-2_3"), "120"): Text '120' is set on object 'Object Repository/Page_- GiPM/input_w-full border rounded px-3 py-2_3'

03-06-2026T22:07:00 - [MESSAGE][PASSED] - Text '120' is set on object 'Object Repository/Page_- GiPM/input_w-full border rounded px-3 py-2_3'

03-06-2026T22:07:00 - [TEST_STEP][PASSED] - click(findTestObject("Page_- GiPM/input_w-full border rounded px-3 py-2_4")): Object: 'Object Repository/Page_- GiPM/input_w-full border rounded px-3 py-2_4' is clicked on

03-06-2026T22:07:00 - [MESSAGE][PASSED] - Object: 'Object Repository/Page_- GiPM/input_w-full border rounded px-3 py-2_4' is clicked on

03-06-2026T22:07:00 - [TEST_STEP][PASSED] - setText(findTestObject("Page_- GiPM/input_w-full border rounded px-3 py-2_5"), "8"): Text '8' is set on object 'Object Repository/Page_- GiPM/input_w-full border rounded px-3 py-2_5'

03-06-2026T22:07:01 - [MESSAGE][PASSED] - Text '8' is set on object 'Object Repository/Page_- GiPM/input_w-full border rounded px-3 py-2_5'

03-06-2026T22:07:01 - [TEST_STEP][PASSED] - setText(findTestObject("Page_- GiPM/input_w-full border rounded px-3 py-2_6"), "50000"): Text '50000' is set on object 'Object Repository/Page_- GiPM/input_w-full border rounded px-3 py-2_6'

03-06-2026T22:07:02 - [MESSAGE][PASSED] - Text '50000' is set on object 'Object Repository/Page_- GiPM/input_w-full border rounded px-3 py-2_6'

03-06-2026T22:07:02 - [TEST_STEP][PASSED] - setText(findTestObject("Page_- GiPM/input_w-full border rounded px-3 py-2_7"), "500"): Text '500' is set on object 'Object Repository/Page_- GiPM/input_w-full border rounded px-3 py-2_7'

03-06-2026T22:07:03 - [MESSAGE][PASSED] - Text '500' is set on object 'Object Repository/Page_- GiPM/input_w-full border rounded px-3 py-2_7'

03-06-2026T22:07:03 - [TEST_STEP][PASSED] - click(findTestObject("Page_- GiPM/input_w-full border rounded px-3 py-2_8")): Object: 'Object Repository/Page_- GiPM/input_w-full border rounded px-3 py-2_8' is clicked on

03-06-2026T22:07:03 - [MESSAGE][PASSED] - Object: 'Object Repository/Page_- GiPM/input_w-full border rounded px-3 py-2_8' is clicked on

03-06-2026T22:07:03 - [TEST_STEP][PASSED] - click(findTestObject("Page_- GiPM/input_w-full border rounded px-3 py-2_9")): Object: 'Object Repository/Page_- GiPM/input_w-full border rounded px-3 py-2_9' is clicked on

03-06-2026T22:07:04 - [MESSAGE][PASSED] - Object: 'Object Repository/Page_- GiPM/input_w-full border rounded px-3 py-2_9' is clicked on

03-06-2026T22:07:04 - [TEST_STEP][PASSED] - click(findTestObject("Page_- GiPM/div_Biaya Awal Proyek")): Object: 'Object Repository/Page_- GiPM/div_Biaya Awal Proyek' is clicked on

03-06-2026T22:07:04 - [MESSAGE][PASSED] - Object: 'Object Repository/Page_- GiPM/div_Biaya Awal Proyek' is clicked on

03-06-2026T22:07:04 - [TEST_STEP][PASSED] - click(findTestObject("Page_- GiPM/input_w-full border rounded px-3 py-2_8")): Object: 'Object Repository/Page_- GiPM/input_w-full border rounded px-3 py-2_8' is clicked on

03-06-2026T22:07:05 - [MESSAGE][PASSED] - Object: 'Object Repository/Page_- GiPM/input_w-full border rounded px-3 py-2_8' is clicked on

03-06-2026T22:07:05 - [TEST_STEP][PASSED] - doubleClick(findTestObject("Page_- GiPM/input_w-full border rounded px-3 py-2_8")): Object: 'Object Repository/Page_- GiPM/input_w-full border rounded px-3 py-2_8' is double clicked on

03-06-2026T22:07:05 - [MESSAGE][PASSED] - Object: 'Object Repository/Page_- GiPM/input_w-full border rounded px-3 py-2_8' is double clicked on

03-06-2026T22:07:05 - [TEST_STEP][PASSED] - click(findTestObject("Page_- GiPM/input_w-full border rounded px-3 py-2_8")): Object: 'Object Repository/Page_- GiPM/input_w-full border rounded px-3 py-2_8' is clicked on

03-06-2026T22:07:05 - [MESSAGE][PASSED] - Object: 'Object Repository/Page_- GiPM/input_w-full border rounded px-3 py-2_8' is clicked on

03-06-2026T22:07:06 - [TEST_STEP][PASSED] - setText(findTestObject("Page_- GiPM/input_w-full border rounded px-3 py-2_9"), "15000000"): Text '15000000' is set on object 'Object Repository/Page_- GiPM/input_w-full border rounded px-3 py-2_9'

03-06-2026T22:07:06 - [MESSAGE][PASSED] - Text '15000000' is set on object 'Object Repository/Page_- GiPM/input_w-full border rounded px-3 py-2_9'

03-06-2026T22:07:06 - [TEST_STEP][PASSED] - click(findTestObject("Page_- GiPM/input_w-full border rounded px-3 py-2_10")): Object: 'Object Repository/Page_- GiPM/input_w-full border rounded px-3 py-2_10' is clicked on

03-06-2026T22:07:07 - [MESSAGE][PASSED] - Object: 'Object Repository/Page_- GiPM/input_w-full border rounded px-3 py-2_10' is clicked on

03-06-2026T22:07:07 - [TEST_STEP][PASSED] - click(findTestObject("Page_- GiPM/input_w-full border rounded px-3 py-2_11")): Object: 'Object Repository/Page_- GiPM/input_w-full border rounded px-3 py-2_11' is clicked on

03-06-2026T22:07:07 - [MESSAGE][PASSED] - Object: 'Object Repository/Page_- GiPM/input_w-full border rounded px-3 py-2_11' is clicked on

03-06-2026T22:07:07 - [TEST_STEP][PASSED] - setText(findTestObject("Page_- GiPM/input_w-full border rounded px-3 py-2_10"), "300"): Text '300' is set on object 'Object Repository/Page_- GiPM/input_w-full border rounded px-3 py-2_10'

03-06-2026T22:07:08 - [MESSAGE][PASSED] - Text '300' is set on object 'Object Repository/Page_- GiPM/input_w-full border rounded px-3 py-2_10'

03-06-2026T22:07:08 - [TEST_STEP][PASSED] - setText(findTestObject("Page_- GiPM/input_w-full border rounded px-3 py-2_12"), "5000000"): Text '5000000' is set on object 'Object Repository/Page_- GiPM/input_w-full border rounded px-3 py-2_12'

03-06-2026T22:07:09 - [MESSAGE][PASSED] - Text '5000000' is set on object 'Object Repository/Page_- GiPM/input_w-full border rounded px-3 py-2_12'

03-06-2026T22:07:09 - [TEST_STEP][PASSED] - setText(findTestObject("Page_- GiPM/input_w-full border rounded px-3 py-2_13"), "120"): Text '120' is set on object 'Object Repository/Page_- GiPM/input_w-full border rounded px-3 py-2_13'

03-06-2026T22:07:10 - [MESSAGE][PASSED] - Text '120' is set on object 'Object Repository/Page_- GiPM/input_w-full border rounded px-3 py-2_13'

03-06-2026T22:07:10 - [TEST_STEP][PASSED] - click(findTestObject("Page_- GiPM/button_Simpan Project")): Object: 'Object Repository/Page_- GiPM/button_Simpan Project' is clicked on

03-06-2026T22:07:12 - [MESSAGE][PASSED] - Object: 'Object Repository/Page_- GiPM/button_Simpan Project' is clicked on

03-06-2026T22:07:12 - [TEST_STEP][PASSED] - verifyTextNotPresent("Pengembangan sistem manajemen proyek berbasis App", false): Text 'Pengembangan sistem manajemen proyek berbasis App' is not present on page

03-06-2026T22:07:13 - [MESSAGE][PASSED] - Text 'Pengembangan sistem manajemen proyek berbasis App' is not present on page]]></system-out>
         <system-err><![CDATA[]]></system-err>
      </testcase>
      <system-out><![CDATA[03-06-2026T22:05:53 - [TEST_SUITE][PASSED] - TS-02_ManajemenDataProyek: null]]></system-out>
      <system-err><![CDATA[]]></system-err>
   </testsuite>
</testsuites>
