<?xml version="1.0" encoding="UTF-8"?>
<testsuites name="TS-01_LOGIN" time="11.216" tests="2" passed="2" failures="0" errors="0" incompleted="0" skipped="0">
   <testsuite name="TS-01_LOGIN" tests="2" passed="2" failures="0" errors="0" incompleted="0" skipped="0" time="11.216" timestamp="2026-05-26T15:06:34.434Z" hostname="Lenovo - LAPTOP-5JN3FB4L" id="Test Suites/TS-01_LOGIN" status="PASSED">
      <properties>
         <property name="deviceName" value=""/>
         <property name="devicePlatform"/>
         <property name="logFolder" value="D:\\UNILA\\SKRIPSI\\Pengujian\\Functional Suitability\\Functional-Suitability-GIPM\\Reports\\20260526_220618\\TS-01_LOGIN\\20260526_220619"/>
         <property name="logFiles" value="D:\\UNILA\\SKRIPSI\\Pengujian\\Functional Suitability\\Functional-Suitability-GIPM\\Reports\\20260526_220618\\TS-01_LOGIN\\20260526_220619\\console0.log, D:\\UNILA\\SKRIPSI\\Pengujian\\Functional Suitability\\Functional-Suitability-GIPM\\Reports\\20260526_220618\\TS-01_LOGIN\\20260526_220619\\execution0.log"/>
         <property name="attachments" value=""/>
         <property name="executionBindingVariables" value="[]"/>
         <property name="hostName" value="Lenovo - LAPTOP-5JN3FB4L"/>
         <property name="os" value="Windows 11 64bit"/>
         <property name="katalonVersion" value="11.1.3.0"/>
         <property name="browser" value="Chrome 148.0.7778.179"/>
         <property name="userFullName" value="Arnora Mardiansyah"/>
         <property name="hostAddress" value="192.168.1.1"/>
         <property name="sessionId" value="b869ed73bcddc2033ca0c36da5452aad"/>
         <property name="projectName" value="Functional-Suitability-GIPM"/>
         <property name="seleniumVersion" value="4.39.0"/>
         <property name="proxyInformation" value="ProxyInformation { proxyOption=NO_PROXY, proxyServerType=HTTP, username=, password=********, proxyServerAddress=, proxyServerPort=0, executionList=&quot;&quot;, isApplyToDesiredCapabilities=true }"/>
         <property name="platform" value="Windows 11"/>
      </properties>
      <testcase name="Test Cases/TS-01_LOGIN/Tc-01_Login_Valid_PM" time="6.882" classname="Test Cases/TS-01_LOGIN/Tc-01_Login_Valid_PM" status="PASSED">
         <system-out><![CDATA[26-05-2026T22:06:34 - [TEST_CASE][PASSED] - Test Cases/TS-01_LOGIN/Tc-01_Login_Valid_PM: Test Cases/TS-01_LOGIN/Tc-01_Login_Valid_PM

26-05-2026T22:06:34 - [TEST_STEP][PASSED] - openBrowser(""): Browser is opened with url: ''

26-05-2026T22:06:35 - [MESSAGE][INFO] - Starting 'Chrome' driver

26-05-2026T22:06:35 - [MESSAGE][INFO] - Action delay is set to 0 milliseconds

26-05-2026T22:06:37 - [MESSAGE][PASSED] - Browser is opened with url: ''

26-05-2026T22:06:37 - [TEST_STEP][PASSED] - navigateToUrl("https://gipm.destroidmous.my.id/login"): Navigate to 'https://gipm.destroidmous.my.id/login' successfully

26-05-2026T22:06:38 - [MESSAGE][PASSED] - Navigate to 'https://gipm.destroidmous.my.id/login' successfully

26-05-2026T22:06:38 - [TEST_STEP][PASSED] - setText(findTestObject("Page_Log in - GiPM/input_Email"), "Arnor@gmail.com"): Text 'Arnor@gmail.com' is set on object 'Object Repository/Page_Log in - GiPM/input_Email'

26-05-2026T22:06:40 - [MESSAGE][PASSED] - Text 'Arnor@gmail.com' is set on object 'Object Repository/Page_Log in - GiPM/input_Email'

26-05-2026T22:06:40 - [TEST_STEP][PASSED] - setEncryptedText(findTestObject("Page_Log in - GiPM/input_Password"), "yjcyc3Nku24="): Text ****** has been set on object 'Object Repository/Page_Log in - GiPM/input_Password'

26-05-2026T22:06:41 - [MESSAGE][PASSED] - Text ****** has been set on object 'Object Repository/Page_Log in - GiPM/input_Password'

26-05-2026T22:06:41 - [TEST_STEP][PASSED] - click(findTestObject("Page_Log in - GiPM/button_Log in")): Object: 'Object Repository/Page_Log in - GiPM/button_Log in' is clicked on

26-05-2026T22:06:41 - [MESSAGE][PASSED] - Object: 'Object Repository/Page_Log in - GiPM/button_Log in' is clicked on]]></system-out>
         <system-err><![CDATA[]]></system-err>
      </testcase>
      <testcase name="Test Cases/TS-01_LOGIN/TC-02_Login_Valid_Dev" time="4.163" classname="Test Cases/TS-01_LOGIN/TC-02_Login_Valid_Dev" status="PASSED">
         <system-out><![CDATA[26-05-2026T22:06:41 - [TEST_CASE][PASSED] - Test Cases/TS-01_LOGIN/TC-02_Login_Valid_Dev: Test Cases/TS-01_LOGIN/TC-02_Login_Valid_Dev

26-05-2026T22:06:41 - [TEST_STEP][PASSED] - openBrowser(""): Browser is opened with url: ''

26-05-2026T22:06:41 - [MESSAGE][WARNING] - A browser is already opened. Closing browser and opening a new one

26-05-2026T22:06:41 - [MESSAGE][INFO] - Starting 'Chrome' driver

26-05-2026T22:06:41 - [MESSAGE][INFO] - Action delay is set to 0 milliseconds

26-05-2026T22:06:42 - [MESSAGE][PASSED] - Browser is opened with url: ''

26-05-2026T22:06:42 - [TEST_STEP][PASSED] - navigateToUrl("https://gipm.destroidmous.my.id/login"): Navigate to 'https://gipm.destroidmous.my.id/login' successfully

26-05-2026T22:06:43 - [MESSAGE][PASSED] - Navigate to 'https://gipm.destroidmous.my.id/login' successfully

26-05-2026T22:06:43 - [TEST_STEP][PASSED] - setText(findTestObject("Page_Log in - GiPM/input_Email"), "ArnorDev@gmail.com"): Text 'ArnorDev@gmail.com' is set on object 'Object Repository/Page_Log in - GiPM/input_Email'

26-05-2026T22:06:44 - [MESSAGE][PASSED] - Text 'ArnorDev@gmail.com' is set on object 'Object Repository/Page_Log in - GiPM/input_Email'

26-05-2026T22:06:44 - [TEST_STEP][PASSED] - setEncryptedText(findTestObject("Page_Log in - GiPM/input_Password"), "XJjHRq1O5tG3K9uskNhPfg=="): Text ****** has been set on object 'Object Repository/Page_Log in - GiPM/input_Password'

26-05-2026T22:06:45 - [MESSAGE][PASSED] - Text ****** has been set on object 'Object Repository/Page_Log in - GiPM/input_Password'

26-05-2026T22:06:45 - [TEST_STEP][PASSED] - click(findTestObject("Page_Log in - GiPM/button_Log in")): Object: 'Object Repository/Page_Log in - GiPM/button_Log in' is clicked on

26-05-2026T22:06:45 - [MESSAGE][PASSED] - Object: 'Object Repository/Page_Log in - GiPM/button_Log in' is clicked on]]></system-out>
         <system-err><![CDATA[]]></system-err>
      </testcase>
      <system-out><![CDATA[26-05-2026T22:06:34 - [TEST_SUITE][PASSED] - TS-01_LOGIN: null]]></system-out>
      <system-err><![CDATA[]]></system-err>
   </testsuite>
</testsuites>
