<?xml version="1.0" encoding="UTF-8"?>
<testsuites name="TS-01_LOGIN" time="27.299" tests="6" passed="6" failures="0" errors="0" incompleted="0" skipped="0">
   <testsuite name="TS-01_LOGIN" tests="6" passed="6" failures="0" errors="0" incompleted="0" skipped="0" time="27.299" timestamp="2026-05-26T16:30:43.951Z" hostname="Lenovo - LAPTOP-5JN3FB4L" id="Test Suites/TS-01_LOGIN" status="PASSED">
      <properties>
         <property name="deviceName" value=""/>
         <property name="devicePlatform"/>
         <property name="logFolder" value="D:\\UNILA\\SKRIPSI\\Pengujian\\Functional Suitability\\Functional-Suitability-GIPM\\Reports\\20260526_233028\\TS-01_LOGIN\\20260526_233028"/>
         <property name="logFiles" value="D:\\UNILA\\SKRIPSI\\Pengujian\\Functional Suitability\\Functional-Suitability-GIPM\\Reports\\20260526_233028\\TS-01_LOGIN\\20260526_233028\\console0.log, D:\\UNILA\\SKRIPSI\\Pengujian\\Functional Suitability\\Functional-Suitability-GIPM\\Reports\\20260526_233028\\TS-01_LOGIN\\20260526_233028\\execution0.log"/>
         <property name="attachments" value=""/>
         <property name="executionBindingVariables" value="[]"/>
         <property name="hostName" value="Lenovo - LAPTOP-5JN3FB4L"/>
         <property name="os" value="Windows 11 64bit"/>
         <property name="katalonVersion" value="11.1.3.0"/>
         <property name="browser" value="Chrome 148.0.7778.179"/>
         <property name="userFullName" value="Arnora Mardiansyah"/>
         <property name="hostAddress" value="192.168.1.1"/>
         <property name="sessionId" value="2f3f2d63fac60343d29181a0a3188dac"/>
         <property name="projectName" value="Functional-Suitability-GIPM"/>
         <property name="seleniumVersion" value="4.39.0"/>
         <property name="proxyInformation" value="ProxyInformation { proxyOption=NO_PROXY, proxyServerType=HTTP, username=, password=********, proxyServerAddress=, proxyServerPort=0, executionList=&quot;&quot;, isApplyToDesiredCapabilities=true }"/>
         <property name="platform" value="Windows 11"/>
      </properties>
      <testcase name="Test Cases/TS-01_LOGIN/TC-01-01_Login_Valid_PM" time="6.647" classname="Test Cases/TS-01_LOGIN/TC-01-01_Login_Valid_PM" status="PASSED">
         <system-out><![CDATA[26-05-2026T23:30:44 - [TEST_CASE][PASSED] - Test Cases/TS-01_LOGIN/TC-01-01_Login_Valid_PM: Test Cases/TS-01_LOGIN/TC-01-01_Login_Valid_PM

26-05-2026T23:30:44 - [TEST_STEP][PASSED] - openBrowser(""): Browser is opened with url: ''

26-05-2026T23:30:44 - [MESSAGE][INFO] - Starting 'Chrome' driver

26-05-2026T23:30:44 - [MESSAGE][INFO] - Action delay is set to 0 milliseconds

26-05-2026T23:30:47 - [MESSAGE][PASSED] - Browser is opened with url: ''

26-05-2026T23:30:47 - [TEST_STEP][PASSED] - navigateToUrl("https://gipm.destroidmous.my.id/login"): Navigate to 'https://gipm.destroidmous.my.id/login' successfully

26-05-2026T23:30:47 - [MESSAGE][PASSED] - Navigate to 'https://gipm.destroidmous.my.id/login' successfully

26-05-2026T23:30:47 - [TEST_STEP][PASSED] - setText(findTestObject("Page_Log in - GiPM/input_Email"), "Arnor@gmail.com"): Text 'Arnor@gmail.com' is set on object 'Object Repository/Page_Log in - GiPM/input_Email'

26-05-2026T23:30:49 - [MESSAGE][PASSED] - Text 'Arnor@gmail.com' is set on object 'Object Repository/Page_Log in - GiPM/input_Email'

26-05-2026T23:30:49 - [TEST_STEP][PASSED] - setEncryptedText(findTestObject("Page_Log in - GiPM/input_Password"), "yjcyc3Nku24="): Text ****** has been set on object 'Object Repository/Page_Log in - GiPM/input_Password'

26-05-2026T23:30:50 - [MESSAGE][PASSED] - Text ****** has been set on object 'Object Repository/Page_Log in - GiPM/input_Password'

26-05-2026T23:30:50 - [TEST_STEP][PASSED] - click(findTestObject("Page_Log in - GiPM/button_Log in")): Object: 'Object Repository/Page_Log in - GiPM/button_Log in' is clicked on

26-05-2026T23:30:50 - [MESSAGE][PASSED] - Object: 'Object Repository/Page_Log in - GiPM/button_Log in' is clicked on]]></system-out>
         <system-err><![CDATA[]]></system-err>
      </testcase>
      <testcase name="Test Cases/TS-01_LOGIN/TC-01-02_Login_Valid_Dev" time="4.352" classname="Test Cases/TS-01_LOGIN/TC-01-02_Login_Valid_Dev" status="PASSED">
         <system-out><![CDATA[26-05-2026T23:30:50 - [TEST_CASE][PASSED] - Test Cases/TS-01_LOGIN/TC-01-02_Login_Valid_Dev: Test Cases/TS-01_LOGIN/TC-01-02_Login_Valid_Dev

26-05-2026T23:30:50 - [TEST_STEP][PASSED] - openBrowser(""): Browser is opened with url: ''

26-05-2026T23:30:50 - [MESSAGE][WARNING] - A browser is already opened. Closing browser and opening a new one

26-05-2026T23:30:51 - [MESSAGE][INFO] - Starting 'Chrome' driver

26-05-2026T23:30:51 - [MESSAGE][INFO] - Action delay is set to 0 milliseconds

26-05-2026T23:30:52 - [MESSAGE][PASSED] - Browser is opened with url: ''

26-05-2026T23:30:52 - [TEST_STEP][PASSED] - navigateToUrl("https://gipm.destroidmous.my.id/login"): Navigate to 'https://gipm.destroidmous.my.id/login' successfully

26-05-2026T23:30:52 - [MESSAGE][PASSED] - Navigate to 'https://gipm.destroidmous.my.id/login' successfully

26-05-2026T23:30:52 - [TEST_STEP][PASSED] - setText(findTestObject("Page_Log in - GiPM/input_Email"), "ArnorDev@gmail.com"): Text 'ArnorDev@gmail.com' is set on object 'Object Repository/Page_Log in - GiPM/input_Email'

26-05-2026T23:30:54 - [MESSAGE][PASSED] - Text 'ArnorDev@gmail.com' is set on object 'Object Repository/Page_Log in - GiPM/input_Email'

26-05-2026T23:30:54 - [TEST_STEP][PASSED] - setEncryptedText(findTestObject("Page_Log in - GiPM/input_Password"), "XJjHRq1O5tG3K9uskNhPfg=="): Text ****** has been set on object 'Object Repository/Page_Log in - GiPM/input_Password'

26-05-2026T23:30:54 - [MESSAGE][PASSED] - Text ****** has been set on object 'Object Repository/Page_Log in - GiPM/input_Password'

26-05-2026T23:30:54 - [TEST_STEP][PASSED] - click(findTestObject("Page_Log in - GiPM/button_Log in")): Object: 'Object Repository/Page_Log in - GiPM/button_Log in' is clicked on

26-05-2026T23:30:55 - [MESSAGE][PASSED] - Object: 'Object Repository/Page_Log in - GiPM/button_Log in' is clicked on]]></system-out>
         <system-err><![CDATA[]]></system-err>
      </testcase>
      <testcase name="Test Cases/TS-01_LOGIN/TC-01-03_Login_Valid_User" time="4.382" classname="Test Cases/TS-01_LOGIN/TC-01-03_Login_Valid_User" status="PASSED">
         <system-out><![CDATA[26-05-2026T23:30:55 - [TEST_CASE][PASSED] - Test Cases/TS-01_LOGIN/TC-01-03_Login_Valid_User: Test Cases/TS-01_LOGIN/TC-01-03_Login_Valid_User

26-05-2026T23:30:55 - [TEST_STEP][PASSED] - openBrowser(""): Browser is opened with url: ''

26-05-2026T23:30:55 - [MESSAGE][WARNING] - A browser is already opened. Closing browser and opening a new one

26-05-2026T23:30:55 - [MESSAGE][INFO] - Starting 'Chrome' driver

26-05-2026T23:30:55 - [MESSAGE][INFO] - Action delay is set to 0 milliseconds

26-05-2026T23:30:56 - [MESSAGE][PASSED] - Browser is opened with url: ''

26-05-2026T23:30:56 - [TEST_STEP][PASSED] - navigateToUrl("https://gipm.destroidmous.my.id/login"): Navigate to 'https://gipm.destroidmous.my.id/login' successfully

26-05-2026T23:30:57 - [MESSAGE][PASSED] - Navigate to 'https://gipm.destroidmous.my.id/login' successfully

26-05-2026T23:30:57 - [TEST_STEP][PASSED] - setText(findTestObject("Page_Log in - GiPM/input_Email"), "ArnorUser@gmail.com"): Text 'ArnorUser@gmail.com' is set on object 'Object Repository/Page_Log in - GiPM/input_Email'

26-05-2026T23:30:58 - [MESSAGE][PASSED] - Text 'ArnorUser@gmail.com' is set on object 'Object Repository/Page_Log in - GiPM/input_Email'

26-05-2026T23:30:58 - [TEST_STEP][PASSED] - setEncryptedText(findTestObject("Page_Log in - GiPM/input_Password"), "+ChJcD+7ltPNNGh7IboufA=="): Text ****** has been set on object 'Object Repository/Page_Log in - GiPM/input_Password'

26-05-2026T23:30:59 - [MESSAGE][PASSED] - Text ****** has been set on object 'Object Repository/Page_Log in - GiPM/input_Password'

26-05-2026T23:30:59 - [TEST_STEP][PASSED] - click(findTestObject("Page_Log in - GiPM/button_Log in")): Object: 'Object Repository/Page_Log in - GiPM/button_Log in' is clicked on

26-05-2026T23:30:59 - [MESSAGE][PASSED] - Object: 'Object Repository/Page_Log in - GiPM/button_Log in' is clicked on]]></system-out>
         <system-err><![CDATA[]]></system-err>
      </testcase>
      <testcase name="Test Cases/TS-01_LOGIN/TC-01-04_Input_password_salah" time="4.251" classname="Test Cases/TS-01_LOGIN/TC-01-04_Input_password_salah" status="PASSED">
         <system-out><![CDATA[26-05-2026T23:30:59 - [TEST_CASE][PASSED] - Test Cases/TS-01_LOGIN/TC-01-04_Input_password_salah: Test Cases/TS-01_LOGIN/TC-01-04_Input_password_salah

26-05-2026T23:30:59 - [TEST_STEP][PASSED] - openBrowser(""): Browser is opened with url: ''

26-05-2026T23:30:59 - [MESSAGE][WARNING] - A browser is already opened. Closing browser and opening a new one

26-05-2026T23:30:59 - [MESSAGE][INFO] - Starting 'Chrome' driver

26-05-2026T23:30:59 - [MESSAGE][INFO] - Action delay is set to 0 milliseconds

26-05-2026T23:31:00 - [MESSAGE][PASSED] - Browser is opened with url: ''

26-05-2026T23:31:00 - [TEST_STEP][PASSED] - navigateToUrl("https://gipm.destroidmous.my.id/login"): Navigate to 'https://gipm.destroidmous.my.id/login' successfully

26-05-2026T23:31:01 - [MESSAGE][PASSED] - Navigate to 'https://gipm.destroidmous.my.id/login' successfully

26-05-2026T23:31:01 - [TEST_STEP][PASSED] - setText(findTestObject("Page_Log in - GiPM/input_Email_1"), "Arnor@gmail.com"): Text 'Arnor@gmail.com' is set on object 'Object Repository/Page_Log in - GiPM/input_Email_1'

26-05-2026T23:31:02 - [MESSAGE][PASSED] - Text 'Arnor@gmail.com' is set on object 'Object Repository/Page_Log in - GiPM/input_Email_1'

26-05-2026T23:31:02 - [TEST_STEP][PASSED] - setEncryptedText(findTestObject("Page_Log in - GiPM/input_Password_1"), "ejPJ2gYDxEY="): Text ****** has been set on object 'Object Repository/Page_Log in - GiPM/input_Password_1'

26-05-2026T23:31:03 - [MESSAGE][PASSED] - Text ****** has been set on object 'Object Repository/Page_Log in - GiPM/input_Password_1'

26-05-2026T23:31:03 - [TEST_STEP][PASSED] - click(findTestObject("Page_Log in - GiPM/button_Log in_1")): Object: 'Object Repository/Page_Log in - GiPM/button_Log in_1' is clicked on

26-05-2026T23:31:03 - [MESSAGE][PASSED] - Object: 'Object Repository/Page_Log in - GiPM/button_Log in_1' is clicked on]]></system-out>
         <system-err><![CDATA[]]></system-err>
      </testcase>
      <testcase name="Test Cases/TS-01_LOGIN/TC-01-05_Input_email_salah" time="4.493" classname="Test Cases/TS-01_LOGIN/TC-01-05_Input_email_salah" status="PASSED">
         <system-out><![CDATA[26-05-2026T23:31:03 - [TEST_CASE][PASSED] - Test Cases/TS-01_LOGIN/TC-01-05_Input_email_salah: Test Cases/TS-01_LOGIN/TC-01-05_Input_email_salah

26-05-2026T23:31:03 - [TEST_STEP][PASSED] - openBrowser(""): Browser is opened with url: ''

26-05-2026T23:31:03 - [MESSAGE][WARNING] - A browser is already opened. Closing browser and opening a new one

26-05-2026T23:31:04 - [MESSAGE][INFO] - Starting 'Chrome' driver

26-05-2026T23:31:04 - [MESSAGE][INFO] - Action delay is set to 0 milliseconds

26-05-2026T23:31:05 - [MESSAGE][PASSED] - Browser is opened with url: ''

26-05-2026T23:31:05 - [TEST_STEP][PASSED] - navigateToUrl("https://gipm.destroidmous.my.id/login"): Navigate to 'https://gipm.destroidmous.my.id/login' successfully

26-05-2026T23:31:05 - [MESSAGE][PASSED] - Navigate to 'https://gipm.destroidmous.my.id/login' successfully

26-05-2026T23:31:05 - [TEST_STEP][PASSED] - setText(findTestObject("Page_Log in - GiPM/input_Email_1"), "Arn@gmail.com"): Text 'Arn@gmail.com' is set on object 'Object Repository/Page_Log in - GiPM/input_Email_1'

26-05-2026T23:31:07 - [MESSAGE][PASSED] - Text 'Arn@gmail.com' is set on object 'Object Repository/Page_Log in - GiPM/input_Email_1'

26-05-2026T23:31:07 - [TEST_STEP][PASSED] - setEncryptedText(findTestObject("Page_Log in - GiPM/input_Password_1"), "yjcyc3Nku24="): Text ****** has been set on object 'Object Repository/Page_Log in - GiPM/input_Password_1'

26-05-2026T23:31:07 - [MESSAGE][PASSED] - Text ****** has been set on object 'Object Repository/Page_Log in - GiPM/input_Password_1'

26-05-2026T23:31:07 - [TEST_STEP][PASSED] - click(findTestObject("Page_Log in - GiPM/button_Log in_1")): Object: 'Object Repository/Page_Log in - GiPM/button_Log in_1' is clicked on

26-05-2026T23:31:08 - [MESSAGE][PASSED] - Object: 'Object Repository/Page_Log in - GiPM/button_Log in_1' is clicked on]]></system-out>
         <system-err><![CDATA[]]></system-err>
      </testcase>
      <testcase name="Test Cases/TS-01_LOGIN/TC-01-06_Input_Kosong" time="2.954" classname="Test Cases/TS-01_LOGIN/TC-01-06_Input_Kosong" status="PASSED">
         <system-out><![CDATA[26-05-2026T23:31:08 - [TEST_CASE][PASSED] - Test Cases/TS-01_LOGIN/TC-01-06_Input_Kosong: Test Cases/TS-01_LOGIN/TC-01-06_Input_Kosong

26-05-2026T23:31:08 - [TEST_STEP][PASSED] - openBrowser(""): Browser is opened with url: ''

26-05-2026T23:31:08 - [MESSAGE][WARNING] - A browser is already opened. Closing browser and opening a new one

26-05-2026T23:31:08 - [MESSAGE][INFO] - Starting 'Chrome' driver

26-05-2026T23:31:08 - [MESSAGE][INFO] - Action delay is set to 0 milliseconds

26-05-2026T23:31:09 - [MESSAGE][PASSED] - Browser is opened with url: ''

26-05-2026T23:31:09 - [TEST_STEP][PASSED] - navigateToUrl("https://gipm.destroidmous.my.id/login"): Navigate to 'https://gipm.destroidmous.my.id/login' successfully

26-05-2026T23:31:10 - [MESSAGE][PASSED] - Navigate to 'https://gipm.destroidmous.my.id/login' successfully

26-05-2026T23:31:10 - [TEST_STEP][PASSED] - click(findTestObject("Page_Log in - GiPM/button_Log in")): Object: 'Object Repository/Page_Log in - GiPM/button_Log in' is clicked on

26-05-2026T23:31:11 - [MESSAGE][PASSED] - Object: 'Object Repository/Page_Log in - GiPM/button_Log in' is clicked on]]></system-out>
         <system-err><![CDATA[]]></system-err>
      </testcase>
      <system-out><![CDATA[26-05-2026T23:30:43 - [TEST_SUITE][PASSED] - TS-01_LOGIN: null]]></system-out>
      <system-err><![CDATA[]]></system-err>
   </testsuite>
</testsuites>
