<?xml version="1.0" encoding="UTF-8"?>
<testsuites name="TS-01_LOGIN" time="26.741" tests="6" passed="6" failures="0" errors="0" incompleted="0" skipped="0">
   <testsuite name="TS-01_LOGIN" tests="6" passed="6" failures="0" errors="0" incompleted="0" skipped="0" time="26.741" timestamp="2026-06-06T08:25:15.417Z" hostname="Lenovo - LAPTOP-5JN3FB4L" id="Test Suites/TS-01_LOGIN" status="PASSED">
      <properties>
         <property name="deviceName" value=""/>
         <property name="devicePlatform"/>
         <property name="logFolder" value="D:\\UNILA\\SKRIPSI\\Pengujian\\Functional Suitability\\Functional-Suitability-GIPM\\Reports\\20260606_152423\\TS-01_LOGIN\\20260606_152423"/>
         <property name="logFiles" value="D:\\UNILA\\SKRIPSI\\Pengujian\\Functional Suitability\\Functional-Suitability-GIPM\\Reports\\20260606_152423\\TS-01_LOGIN\\20260606_152423\\console0.log, D:\\UNILA\\SKRIPSI\\Pengujian\\Functional Suitability\\Functional-Suitability-GIPM\\Reports\\20260606_152423\\TS-01_LOGIN\\20260606_152423\\execution0.log"/>
         <property name="attachments" value=""/>
         <property name="executionBindingVariables" value="[]"/>
         <property name="hostName" value="Lenovo - LAPTOP-5JN3FB4L"/>
         <property name="os" value="Windows 11 64bit"/>
         <property name="katalonVersion" value="11.1.3.0"/>
         <property name="browser" value="Chrome 148.0.7778.217"/>
         <property name="userFullName" value="Arnora Mardiansyah"/>
         <property name="hostAddress" value="192.168.1.1"/>
         <property name="sessionId" value="14b9719493ff0441baa3ff5f9f17c25e"/>
         <property name="projectName" value="Functional-Suitability-GIPM"/>
         <property name="seleniumVersion" value="4.39.0"/>
         <property name="proxyInformation" value="ProxyInformation { proxyOption=NO_PROXY, proxyServerType=HTTP, username=, password=********, proxyServerAddress=, proxyServerPort=0, executionList=&quot;&quot;, isApplyToDesiredCapabilities=true }"/>
         <property name="platform" value="Windows 11"/>
      </properties>
      <testcase name="Test Cases/TS-01_LOGIN/TC-01-01_Login_Valid_PM" time="7.027" classname="Test Cases/TS-01_LOGIN/TC-01-01_Login_Valid_PM" status="PASSED">
         <system-out><![CDATA[06-06-2026T15:25:15 - [TEST_CASE][PASSED] - Test Cases/TS-01_LOGIN/TC-01-01_Login_Valid_PM: Test Cases/TS-01_LOGIN/TC-01-01_Login_Valid_PM

06-06-2026T15:25:15 - [TEST_STEP][PASSED] - openBrowser(""): Browser is opened with url: ''

06-06-2026T15:25:16 - [MESSAGE][INFO] - Starting 'Chrome' driver

06-06-2026T15:25:16 - [MESSAGE][INFO] - Action delay is set to 0 milliseconds

06-06-2026T15:25:19 - [MESSAGE][PASSED] - Browser is opened with url: ''

06-06-2026T15:25:19 - [TEST_STEP][PASSED] - navigateToUrl("https://gipm.destroidmous.my.id/login"): Navigate to 'https://gipm.destroidmous.my.id/login' successfully

06-06-2026T15:25:20 - [MESSAGE][PASSED] - Navigate to 'https://gipm.destroidmous.my.id/login' successfully

06-06-2026T15:25:20 - [TEST_STEP][PASSED] - setText(findTestObject("Page_Log in - GiPM/input_Email"), "Arnor@gmail.com"): Text 'Arnor@gmail.com' is set on object 'Object Repository/Page_Log in - GiPM/input_Email'

06-06-2026T15:25:21 - [MESSAGE][PASSED] - Text 'Arnor@gmail.com' is set on object 'Object Repository/Page_Log in - GiPM/input_Email'

06-06-2026T15:25:21 - [TEST_STEP][PASSED] - setEncryptedText(findTestObject("Page_Log in - GiPM/input_Password"), "yjcyc3Nku24="): Text ****** has been set on object 'Object Repository/Page_Log in - GiPM/input_Password'

06-06-2026T15:25:22 - [MESSAGE][PASSED] - Text ****** has been set on object 'Object Repository/Page_Log in - GiPM/input_Password'

06-06-2026T15:25:22 - [TEST_STEP][PASSED] - click(findTestObject("Page_Log in - GiPM/button_Log in")): Object: 'Object Repository/Page_Log in - GiPM/button_Log in' is clicked on

06-06-2026T15:25:22 - [MESSAGE][PASSED] - Object: 'Object Repository/Page_Log in - GiPM/button_Log in' is clicked on]]></system-out>
         <system-err><![CDATA[]]></system-err>
      </testcase>
      <testcase name="Test Cases/TS-01_LOGIN/TC-01-02_Login_Valid_Dev" time="3.985" classname="Test Cases/TS-01_LOGIN/TC-01-02_Login_Valid_Dev" status="PASSED">
         <system-out><![CDATA[06-06-2026T15:25:22 - [TEST_CASE][PASSED] - Test Cases/TS-01_LOGIN/TC-01-02_Login_Valid_Dev: Test Cases/TS-01_LOGIN/TC-01-02_Login_Valid_Dev

06-06-2026T15:25:22 - [TEST_STEP][PASSED] - openBrowser(""): Browser is opened with url: ''

06-06-2026T15:25:22 - [MESSAGE][WARNING] - A browser is already opened. Closing browser and opening a new one

06-06-2026T15:25:22 - [MESSAGE][INFO] - Starting 'Chrome' driver

06-06-2026T15:25:22 - [MESSAGE][INFO] - Action delay is set to 0 milliseconds

06-06-2026T15:25:24 - [MESSAGE][PASSED] - Browser is opened with url: ''

06-06-2026T15:25:24 - [TEST_STEP][PASSED] - navigateToUrl("https://gipm.destroidmous.my.id/login"): Navigate to 'https://gipm.destroidmous.my.id/login' successfully

06-06-2026T15:25:24 - [MESSAGE][PASSED] - Navigate to 'https://gipm.destroidmous.my.id/login' successfully

06-06-2026T15:25:24 - [TEST_STEP][PASSED] - setText(findTestObject("Page_Log in - GiPM/input_Email"), "ArnorDev@gmail.com"): Text 'ArnorDev@gmail.com' is set on object 'Object Repository/Page_Log in - GiPM/input_Email'

06-06-2026T15:25:25 - [MESSAGE][PASSED] - Text 'ArnorDev@gmail.com' is set on object 'Object Repository/Page_Log in - GiPM/input_Email'

06-06-2026T15:25:25 - [TEST_STEP][PASSED] - setEncryptedText(findTestObject("Page_Log in - GiPM/input_Password"), "XJjHRq1O5tG3K9uskNhPfg=="): Text ****** has been set on object 'Object Repository/Page_Log in - GiPM/input_Password'

06-06-2026T15:25:26 - [MESSAGE][PASSED] - Text ****** has been set on object 'Object Repository/Page_Log in - GiPM/input_Password'

06-06-2026T15:25:26 - [TEST_STEP][PASSED] - click(findTestObject("Page_Log in - GiPM/button_Log in")): Object: 'Object Repository/Page_Log in - GiPM/button_Log in' is clicked on

06-06-2026T15:25:26 - [MESSAGE][PASSED] - Object: 'Object Repository/Page_Log in - GiPM/button_Log in' is clicked on]]></system-out>
         <system-err><![CDATA[]]></system-err>
      </testcase>
      <testcase name="Test Cases/TS-01_LOGIN/TC-01-03_Login_Valid_User" time="3.961" classname="Test Cases/TS-01_LOGIN/TC-01-03_Login_Valid_User" status="PASSED">
         <system-out><![CDATA[06-06-2026T15:25:26 - [TEST_CASE][PASSED] - Test Cases/TS-01_LOGIN/TC-01-03_Login_Valid_User: Test Cases/TS-01_LOGIN/TC-01-03_Login_Valid_User

06-06-2026T15:25:26 - [TEST_STEP][PASSED] - openBrowser(""): Browser is opened with url: ''

06-06-2026T15:25:26 - [MESSAGE][WARNING] - A browser is already opened. Closing browser and opening a new one

06-06-2026T15:25:26 - [MESSAGE][INFO] - Starting 'Chrome' driver

06-06-2026T15:25:26 - [MESSAGE][INFO] - Action delay is set to 0 milliseconds

06-06-2026T15:25:28 - [MESSAGE][PASSED] - Browser is opened with url: ''

06-06-2026T15:25:28 - [TEST_STEP][PASSED] - navigateToUrl("https://gipm.destroidmous.my.id/login"): Navigate to 'https://gipm.destroidmous.my.id/login' successfully

06-06-2026T15:25:28 - [MESSAGE][PASSED] - Navigate to 'https://gipm.destroidmous.my.id/login' successfully

06-06-2026T15:25:28 - [TEST_STEP][PASSED] - setText(findTestObject("Page_Log in - GiPM/input_Email"), "ArnorUser@gmail.com"): Text 'ArnorUser@gmail.com' is set on object 'Object Repository/Page_Log in - GiPM/input_Email'

06-06-2026T15:25:29 - [MESSAGE][PASSED] - Text 'ArnorUser@gmail.com' is set on object 'Object Repository/Page_Log in - GiPM/input_Email'

06-06-2026T15:25:29 - [TEST_STEP][PASSED] - setEncryptedText(findTestObject("Page_Log in - GiPM/input_Password"), "+ChJcD+7ltPNNGh7IboufA=="): Text ****** has been set on object 'Object Repository/Page_Log in - GiPM/input_Password'

06-06-2026T15:25:30 - [MESSAGE][PASSED] - Text ****** has been set on object 'Object Repository/Page_Log in - GiPM/input_Password'

06-06-2026T15:25:30 - [TEST_STEP][PASSED] - click(findTestObject("Page_Log in - GiPM/button_Log in")): Object: 'Object Repository/Page_Log in - GiPM/button_Log in' is clicked on

06-06-2026T15:25:30 - [MESSAGE][PASSED] - Object: 'Object Repository/Page_Log in - GiPM/button_Log in' is clicked on]]></system-out>
         <system-err><![CDATA[]]></system-err>
      </testcase>
      <testcase name="Test Cases/TS-01_LOGIN/TC-01-04_Input_password_salah" time="4.817" classname="Test Cases/TS-01_LOGIN/TC-01-04_Input_password_salah" status="PASSED">
         <system-out><![CDATA[06-06-2026T15:25:30 - [TEST_CASE][PASSED] - Test Cases/TS-01_LOGIN/TC-01-04_Input_password_salah: Test Cases/TS-01_LOGIN/TC-01-04_Input_password_salah

06-06-2026T15:25:30 - [TEST_STEP][PASSED] - openBrowser(""): Browser is opened with url: ''

06-06-2026T15:25:30 - [MESSAGE][WARNING] - A browser is already opened. Closing browser and opening a new one

06-06-2026T15:25:30 - [MESSAGE][INFO] - Starting 'Chrome' driver

06-06-2026T15:25:31 - [MESSAGE][INFO] - Action delay is set to 0 milliseconds

06-06-2026T15:25:32 - [MESSAGE][PASSED] - Browser is opened with url: ''

06-06-2026T15:25:32 - [TEST_STEP][PASSED] - navigateToUrl("https://gipm.destroidmous.my.id/login"): Navigate to 'https://gipm.destroidmous.my.id/login' successfully

06-06-2026T15:25:32 - [MESSAGE][PASSED] - Navigate to 'https://gipm.destroidmous.my.id/login' successfully

06-06-2026T15:25:32 - [TEST_STEP][PASSED] - setText(findTestObject("Page_Log in - GiPM/input_Email_1"), "Arnor@gmail.com"): Text 'Arnor@gmail.com' is set on object 'Object Repository/Page_Log in - GiPM/input_Email_1'

06-06-2026T15:25:34 - [MESSAGE][PASSED] - Text 'Arnor@gmail.com' is set on object 'Object Repository/Page_Log in - GiPM/input_Email_1'

06-06-2026T15:25:34 - [TEST_STEP][PASSED] - setEncryptedText(findTestObject("Page_Log in - GiPM/input_Password_1"), "ejPJ2gYDxEY="): Text ****** has been set on object 'Object Repository/Page_Log in - GiPM/input_Password_1'

06-06-2026T15:25:35 - [MESSAGE][PASSED] - Text ****** has been set on object 'Object Repository/Page_Log in - GiPM/input_Password_1'

06-06-2026T15:25:35 - [TEST_STEP][PASSED] - click(findTestObject("Page_Log in - GiPM/button_Log in_1")): Object: 'Object Repository/Page_Log in - GiPM/button_Log in_1' is clicked on

06-06-2026T15:25:35 - [MESSAGE][PASSED] - Object: 'Object Repository/Page_Log in - GiPM/button_Log in_1' is clicked on]]></system-out>
         <system-err><![CDATA[]]></system-err>
      </testcase>
      <testcase name="Test Cases/TS-01_LOGIN/TC-01-05_Input_email_salah" time="3.929" classname="Test Cases/TS-01_LOGIN/TC-01-05_Input_email_salah" status="PASSED">
         <system-out><![CDATA[06-06-2026T15:25:35 - [TEST_CASE][PASSED] - Test Cases/TS-01_LOGIN/TC-01-05_Input_email_salah: Test Cases/TS-01_LOGIN/TC-01-05_Input_email_salah

06-06-2026T15:25:35 - [TEST_STEP][PASSED] - openBrowser(""): Browser is opened with url: ''

06-06-2026T15:25:35 - [MESSAGE][WARNING] - A browser is already opened. Closing browser and opening a new one

06-06-2026T15:25:35 - [MESSAGE][INFO] - Starting 'Chrome' driver

06-06-2026T15:25:35 - [MESSAGE][INFO] - Action delay is set to 0 milliseconds

06-06-2026T15:25:36 - [MESSAGE][PASSED] - Browser is opened with url: ''

06-06-2026T15:25:36 - [TEST_STEP][PASSED] - navigateToUrl("https://gipm.destroidmous.my.id/login"): Navigate to 'https://gipm.destroidmous.my.id/login' successfully

06-06-2026T15:25:37 - [MESSAGE][PASSED] - Navigate to 'https://gipm.destroidmous.my.id/login' successfully

06-06-2026T15:25:37 - [TEST_STEP][PASSED] - setText(findTestObject("Page_Log in - GiPM/input_Email_1"), "Arn@gmail.com"): Text 'Arn@gmail.com' is set on object 'Object Repository/Page_Log in - GiPM/input_Email_1'

06-06-2026T15:25:38 - [MESSAGE][PASSED] - Text 'Arn@gmail.com' is set on object 'Object Repository/Page_Log in - GiPM/input_Email_1'

06-06-2026T15:25:38 - [TEST_STEP][PASSED] - setEncryptedText(findTestObject("Page_Log in - GiPM/input_Password_1"), "yjcyc3Nku24="): Text ****** has been set on object 'Object Repository/Page_Log in - GiPM/input_Password_1'

06-06-2026T15:25:39 - [MESSAGE][PASSED] - Text ****** has been set on object 'Object Repository/Page_Log in - GiPM/input_Password_1'

06-06-2026T15:25:39 - [TEST_STEP][PASSED] - click(findTestObject("Page_Log in - GiPM/button_Log in_1")): Object: 'Object Repository/Page_Log in - GiPM/button_Log in_1' is clicked on

06-06-2026T15:25:39 - [MESSAGE][PASSED] - Object: 'Object Repository/Page_Log in - GiPM/button_Log in_1' is clicked on]]></system-out>
         <system-err><![CDATA[]]></system-err>
      </testcase>
      <testcase name="Test Cases/TS-01_LOGIN/TC-01-06_Input_Kosong" time="2.676" classname="Test Cases/TS-01_LOGIN/TC-01-06_Input_Kosong" status="PASSED">
         <system-out><![CDATA[06-06-2026T15:25:39 - [TEST_CASE][PASSED] - Test Cases/TS-01_LOGIN/TC-01-06_Input_Kosong: Test Cases/TS-01_LOGIN/TC-01-06_Input_Kosong

06-06-2026T15:25:39 - [TEST_STEP][PASSED] - openBrowser(""): Browser is opened with url: ''

06-06-2026T15:25:39 - [MESSAGE][WARNING] - A browser is already opened. Closing browser and opening a new one

06-06-2026T15:25:39 - [MESSAGE][INFO] - Starting 'Chrome' driver

06-06-2026T15:25:39 - [MESSAGE][INFO] - Action delay is set to 0 milliseconds

06-06-2026T15:25:40 - [MESSAGE][PASSED] - Browser is opened with url: ''

06-06-2026T15:25:40 - [TEST_STEP][PASSED] - navigateToUrl("https://gipm.destroidmous.my.id/login"): Navigate to 'https://gipm.destroidmous.my.id/login' successfully

06-06-2026T15:25:41 - [MESSAGE][PASSED] - Navigate to 'https://gipm.destroidmous.my.id/login' successfully

06-06-2026T15:25:41 - [TEST_STEP][PASSED] - click(findTestObject("Page_Log in - GiPM/button_Log in")): Object: 'Object Repository/Page_Log in - GiPM/button_Log in' is clicked on

06-06-2026T15:25:42 - [MESSAGE][PASSED] - Object: 'Object Repository/Page_Log in - GiPM/button_Log in' is clicked on]]></system-out>
         <system-err><![CDATA[]]></system-err>
      </testcase>
      <system-out><![CDATA[06-06-2026T15:25:15 - [TEST_SUITE][PASSED] - TS-01_LOGIN: null]]></system-out>
      <system-err><![CDATA[]]></system-err>
   </testsuite>
</testsuites>
